C:\VISION\OPENCVEXAMPLE\OPENCVEXAMPLE\DEBUG\BINARY.OBJ
C:\VISION\OPENCVEXAMPLE\OPENCVEXAMPLE\DEBUG\CAMERACALIBRATION.OBJ
C:\VISION\OPENCVEXAMPLE\OPENCVEXAMPLE\DEBUG\EDGES.OBJ
C:\VISION\OPENCVEXAMPLE\OPENCVEXAMPLE\DEBUG\FEATURES.OBJ
C:\VISION\OPENCVEXAMPLE\OPENCVEXAMPLE\DEBUG\GEOMETRIC.OBJ
C:\VISION\OPENCVEXAMPLE\OPENCVEXAMPLE\DEBUG\HISTOGRAMS.OBJ
C:\VISION\OPENCVEXAMPLE\OPENCVEXAMPLE\DEBUG\IMAGES.OBJ
C:\VISION\OPENCVEXAMPLE\OPENCVEXAMPLE\DEBUG\MAIN.OBJ
C:\VISION\OPENCVEXAMPLE\OPENCVEXAMPLE\DEBUG\RECOGNITION.OBJ
C:\VISION\OPENCVEXAMPLE\OPENCVEXAMPLE\DEBUG\UTILITIES.OBJ
C:\VISION\OPENCVEXAMPLE\OPENCVEXAMPLE\DEBUG\VIDEO.OBJ
C:\VISION\OPENCVEXAMPLE\OPENCVEXAMPLE\DEBUG\VC110.PDB
C:\USERS\DEIRDRE MEEHAN\DESKTOP\AUGMENTEDREALITY\AR_CHESSBOARD\AR_CHESSBOARD\DEBUG\BINARY.OBJ
C:\USERS\DEIRDRE MEEHAN\DESKTOP\AUGMENTEDREALITY\AR_CHESSBOARD\AR_CHESSBOARD\DEBUG\CAMERACALIBRATION.OBJ
C:\USERS\DEIRDRE MEEHAN\DESKTOP\AUGMENTEDREALITY\AR_CHESSBOARD\AR_CHESSBOARD\DEBUG\EDGES.OBJ
C:\USERS\DEIRDRE MEEHAN\DESKTOP\AUGMENTEDREALITY\AR_CHESSBOARD\AR_CHESSBOARD\DEBUG\FEATURES.OBJ
C:\USERS\DEIRDRE MEEHAN\DESKTOP\AUGMENTEDREALITY\AR_CHESSBOARD\AR_CHESSBOARD\DEBUG\GEOMETRIC.OBJ
C:\USERS\DEIRDRE MEEHAN\DESKTOP\AUGMENTEDREALITY\AR_CHESSBOARD\AR_CHESSBOARD\DEBUG\HISTOGRAMS.OBJ
C:\USERS\DEIRDRE MEEHAN\DESKTOP\AUGMENTEDREALITY\AR_CHESSBOARD\AR_CHESSBOARD\DEBUG\IMAGES.OBJ
C:\USERS\DEIRDRE MEEHAN\DESKTOP\AUGMENTEDREALITY\AR_CHESSBOARD\AR_CHESSBOARD\DEBUG\MAIN.OBJ
C:\USERS\DEIRDRE MEEHAN\DESKTOP\AUGMENTEDREALITY\AR_CHESSBOARD\AR_CHESSBOARD\DEBUG\RECOGNITION.OBJ
C:\USERS\DEIRDRE MEEHAN\DESKTOP\AUGMENTEDREALITY\AR_CHESSBOARD\AR_CHESSBOARD\DEBUG\UTILITIES.OBJ
C:\USERS\DEIRDRE MEEHAN\DESKTOP\AUGMENTEDREALITY\AR_CHESSBOARD\AR_CHESSBOARD\DEBUG\VIDEO.OBJ
C:\USERS\DEIRDRE MEEHAN\DESKTOP\AUGMENTEDREALITY\AR_CHESSBOARD\AR_CHESSBOARD\DEBUG\VC110.PDB
C:\USERS\DEIRDRE MEEHAN\DESKTOP\AUGMENTEDREALITY\AR_CHESSBOARD\AR_CHESSBOARD\DEBUG\SOURCE.OBJ
C:\VISION\OPENCVEXAMPLE\OPENCVEXAMPLE\DEBUG\OPENCVEXAMPLE.ILK
C:\VISION\OPENCVEXAMPLE\OPENCVEXAMPLE\DEBUG\OPENCVEXAMPLE.EXE
C:\VISION\OPENCVEXAMPLE\OPENCVEXAMPLE\DEBUG\OPENCVEXAMPLE.PDB
C:\USERS\DEIRDRE MEEHAN\DESKTOP\AUGMENTEDREALITY\AR_CHESSBOARD\AR_CHESSBOARD\DEBUG\OPENCVEXAMPLE.ILK
C:\USERS\DEIRDRE MEEHAN\DESKTOP\AUGMENTEDREALITY\AR_CHESSBOARD\AR_CHESSBOARD\DEBUG\OPENCVEXAMPLE.EXE
C:\USERS\DEIRDRE MEEHAN\DESKTOP\AUGMENTEDREALITY\AR_CHESSBOARD\AR_CHESSBOARD\DEBUG\OPENCVEXAMPLE.PDB
C:\Users\Deirdre Meehan\Desktop\AugmentedReality\AR_chessboard\AR_chessboard\Debug\Binary.obj
C:\Users\Deirdre Meehan\Desktop\AugmentedReality\AR_chessboard\AR_chessboard\Debug\CameraCalibration.obj
C:\Users\Deirdre Meehan\Desktop\AugmentedReality\AR_chessboard\AR_chessboard\Debug\Edges.obj
C:\Users\Deirdre Meehan\Desktop\AugmentedReality\AR_chessboard\AR_chessboard\Debug\Features.obj
C:\Users\Deirdre Meehan\Desktop\AugmentedReality\AR_chessboard\AR_chessboard\Debug\Geometric.obj
C:\Users\Deirdre Meehan\Desktop\AugmentedReality\AR_chessboard\AR_chessboard\Debug\Histograms.obj
C:\Users\Deirdre Meehan\Desktop\AugmentedReality\AR_chessboard\AR_chessboard\Debug\Images.obj
C:\Users\Deirdre Meehan\Desktop\AugmentedReality\AR_chessboard\AR_chessboard\Debug\main.obj
C:\Users\Deirdre Meehan\Desktop\AugmentedReality\AR_chessboard\AR_chessboard\Debug\Recognition.obj
C:\Users\Deirdre Meehan\Desktop\AugmentedReality\AR_chessboard\AR_chessboard\Debug\Source.obj
C:\Users\Deirdre Meehan\Desktop\AugmentedReality\AR_chessboard\AR_chessboard\Debug\Utilities.obj
C:\Users\Deirdre Meehan\Desktop\AugmentedReality\AR_chessboard\AR_chessboard\Debug\Video.obj
C:\Users\Deirdre Meehan\Desktop\AugmentedReality\AR_chessboard\AR_chessboard\Debug\OpenCVExample.ilk
C:\Users\Deirdre Meehan\Desktop\AugmentedReality\AR_chessboard\AR_chessboard\Debug\cl.command.1.tlog
C:\Users\Deirdre Meehan\Desktop\AugmentedReality\AR_chessboard\AR_chessboard\Debug\CL.read.1.tlog
C:\Users\Deirdre Meehan\Desktop\AugmentedReality\AR_chessboard\AR_chessboard\Debug\CL.write.1.tlog
C:\Users\Deirdre Meehan\Desktop\AugmentedReality\AR_chessboard\AR_chessboard\Debug\link-cvtres.read.1.tlog
C:\Users\Deirdre Meehan\Desktop\AugmentedReality\AR_chessboard\AR_chessboard\Debug\link-cvtres.write.1.tlog
C:\Users\Deirdre Meehan\Desktop\AugmentedReality\AR_chessboard\AR_chessboard\Debug\link-rc.read.1.tlog
C:\Users\Deirdre Meehan\Desktop\AugmentedReality\AR_chessboard\AR_chessboard\Debug\link-rc.write.1.tlog
C:\Users\Deirdre Meehan\Desktop\AugmentedReality\AR_chessboard\AR_chessboard\Debug\link.1108-cvtres.read.1.tlog
C:\Users\Deirdre Meehan\Desktop\AugmentedReality\AR_chessboard\AR_chessboard\Debug\link.1108-cvtres.write.1.tlog
C:\Users\Deirdre Meehan\Desktop\AugmentedReality\AR_chessboard\AR_chessboard\Debug\link.1108-rc.read.1.tlog
C:\Users\Deirdre Meehan\Desktop\AugmentedReality\AR_chessboard\AR_chessboard\Debug\link.1108-rc.write.1.tlog
C:\Users\Deirdre Meehan\Desktop\AugmentedReality\AR_chessboard\AR_chessboard\Debug\link.1108.read.1.tlog
C:\Users\Deirdre Meehan\Desktop\AugmentedReality\AR_chessboard\AR_chessboard\Debug\link.1108.write.1.tlog
C:\Users\Deirdre Meehan\Desktop\AugmentedReality\AR_chessboard\AR_chessboard\Debug\link.7116-cvtres.read.1.tlog
C:\Users\Deirdre Meehan\Desktop\AugmentedReality\AR_chessboard\AR_chessboard\Debug\link.7116-cvtres.write.1.tlog
C:\Users\Deirdre Meehan\Desktop\AugmentedReality\AR_chessboard\AR_chessboard\Debug\link.7116-rc.read.1.tlog
C:\Users\Deirdre Meehan\Desktop\AugmentedReality\AR_chessboard\AR_chessboard\Debug\link.7116-rc.write.1.tlog
C:\Users\Deirdre Meehan\Desktop\AugmentedReality\AR_chessboard\AR_chessboard\Debug\link.7116.read.1.tlog
C:\Users\Deirdre Meehan\Desktop\AugmentedReality\AR_chessboard\AR_chessboard\Debug\link.7116.write.1.tlog
C:\Users\Deirdre Meehan\Desktop\AugmentedReality\AR_chessboard\AR_chessboard\Debug\link.7772-cvtres.read.1.tlog
C:\Users\Deirdre Meehan\Desktop\AugmentedReality\AR_chessboard\AR_chessboard\Debug\link.7772-cvtres.write.1.tlog
C:\Users\Deirdre Meehan\Desktop\AugmentedReality\AR_chessboard\AR_chessboard\Debug\link.7772-rc.read.1.tlog
C:\Users\Deirdre Meehan\Desktop\AugmentedReality\AR_chessboard\AR_chessboard\Debug\link.7772-rc.write.1.tlog
C:\Users\Deirdre Meehan\Desktop\AugmentedReality\AR_chessboard\AR_chessboard\Debug\link.7772.read.1.tlog
C:\Users\Deirdre Meehan\Desktop\AugmentedReality\AR_chessboard\AR_chessboard\Debug\link.7772.write.1.tlog
C:\Users\Deirdre Meehan\Desktop\AugmentedReality\AR_chessboard\AR_chessboard\Debug\link.8476-cvtres.read.1.tlog
C:\Users\Deirdre Meehan\Desktop\AugmentedReality\AR_chessboard\AR_chessboard\Debug\link.8476-cvtres.write.1.tlog
C:\Users\Deirdre Meehan\Desktop\AugmentedReality\AR_chessboard\AR_chessboard\Debug\link.8476-rc.read.1.tlog
C:\Users\Deirdre Meehan\Desktop\AugmentedReality\AR_chessboard\AR_chessboard\Debug\link.8476-rc.write.1.tlog
C:\Users\Deirdre Meehan\Desktop\AugmentedReality\AR_chessboard\AR_chessboard\Debug\link.8476.read.1.tlog
C:\Users\Deirdre Meehan\Desktop\AugmentedReality\AR_chessboard\AR_chessboard\Debug\link.8476.write.1.tlog
C:\Users\Deirdre Meehan\Desktop\AugmentedReality\AR_chessboard\AR_chessboard\Debug\link.command.1.tlog
C:\Users\Deirdre Meehan\Desktop\AugmentedReality\AR_chessboard\AR_chessboard\Debug\link.read.1.tlog
C:\Users\Deirdre Meehan\Desktop\AugmentedReality\AR_chessboard\AR_chessboard\Debug\link.write.1.tlog
C:\Users\Deirdre Meehan\Desktop\AugmentedReality\AR_chessboard\AR_chessboard\Debug\vc110.idb
C:\Users\Deirdre Meehan\Desktop\AugmentedReality\AR_chessboard\AR_chessboard\Debug\OpenCVExample.pdb
C:\Users\Deirdre Meehan\Desktop\AugmentedReality\AR_chessboard\AR_chessboard\Debug\vc110.pdb
C:\Users\Deirdre Meehan\Desktop\AugmentedReality\AR_chessboard\AR_chessboard\Debug\OpenCVExample.exe
